{"C:\\myblog\\index.js":{"path":"C:\\myblog\\index.js","s":{"1":1,"2":1,"3":1,"4":1,"5":1,"6":1,"7":1,"8":1,"9":1,"10":1,"11":1,"12":1,"13":1,"14":1,"15":1,"16":1,"17":1,"18":1,"19":1,"20":8,"21":8,"22":8,"23":8,"24":1,"25":1,"26":1,"27":1,"28":0,"29":1,"30":1,"31":0,"32":0},"b":{"1":[1,0]},"f":{"1":8,"2":0,"3":0},"fnMap":{"1":{"name":"(anonymous_1)","line":48,"loc":{"start":{"line":48,"column":8},"end":{"line":48,"column":34}}},"2":{"name":"(anonymous_2)","line":83,"loc":{"start":{"line":83,"column":8},"end":{"line":83,"column":39}}},"3":{"name":"(anonymous_3)","line":94,"loc":{"start":{"line":94,"column":26},"end":{"line":94,"column":38}}}},"statementMap":{"1":{"start":{"line":1,"column":0},"end":{"line":1,"column":27}},"2":{"start":{"line":2,"column":0},"end":{"line":2,"column":33}},"3":{"start":{"line":3,"column":0},"end":{"line":3,"column":41}},"4":{"start":{"line":4,"column":0},"end":{"line":4,"column":51}},"5":{"start":{"line":5,"column":0},"end":{"line":5,"column":37}},"6":{"start":{"line":6,"column":0},"end":{"line":6,"column":36}},"7":{"start":{"line":7,"column":0},"end":{"line":7,"column":33}},"8":{"start":{"line":8,"column":0},"end":{"line":8,"column":31}},"9":{"start":{"line":9,"column":0},"end":{"line":9,"column":33}},"10":{"start":{"line":10,"column":0},"end":{"line":10,"column":48}},"11":{"start":{"line":12,"column":0},"end":{"line":12,"column":20}},"12":{"start":{"line":15,"column":0},"end":{"line":15,"column":48}},"13":{"start":{"line":17,"column":0},"end":{"line":17,"column":30}},"14":{"start":{"line":20,"column":0},"end":{"line":20,"column":56}},"15":{"start":{"line":22,"column":0},"end":{"line":31,"column":4}},"16":{"start":{"line":33,"column":0},"end":{"line":33,"column":17}},"17":{"start":{"line":36,"column":0},"end":{"line":39,"column":4}},"18":{"start":{"line":42,"column":0},"end":{"line":45,"column":2}},"19":{"start":{"line":48,"column":0},"end":{"line":53,"column":3}},"20":{"start":{"line":49,"column":2},"end":{"line":49,"column":37}},"21":{"start":{"line":50,"column":2},"end":{"line":50,"column":55}},"22":{"start":{"line":51,"column":2},"end":{"line":51,"column":51}},"23":{"start":{"line":52,"column":2},"end":{"line":52,"column":9}},"24":{"start":{"line":56,"column":0},"end":{"line":66,"column":4}},"25":{"start":{"line":68,"column":0},"end":{"line":68,"column":12}},"26":{"start":{"line":70,"column":0},"end":{"line":80,"column":4}},"27":{"start":{"line":83,"column":0},"end":{"line":87,"column":3}},"28":{"start":{"line":84,"column":2},"end":{"line":86,"column":5}},"29":{"start":{"line":90,"column":0},"end":{"line":97,"column":1}},"30":{"start":{"line":91,"column":2},"end":{"line":91,"column":23}},"31":{"start":{"line":94,"column":2},"end":{"line":96,"column":5}},"32":{"start":{"line":95,"column":4},"end":{"line":95,"column":64}}},"branchMap":{"1":{"line":90,"type":"if","locations":[{"start":{"line":90,"column":0},"end":{"line":90,"column":0}},{"start":{"line":90,"column":0},"end":{"line":90,"column":0}}]}}},"C:\\myblog\\config\\default.js":{"path":"C:\\myblog\\config\\default.js","s":{"1":1},"b":{},"f":{},"fnMap":{},"statementMap":{"1":{"start":{"line":1,"column":0},"end":{"line":9,"column":2}}},"branchMap":{}},"C:\\myblog\\routes\\index.js":{"path":"C:\\myblog\\routes\\index.js","s":{"1":1,"2":1,"3":0,"4":1,"5":1,"6":1,"7":1,"8":1,"9":7,"10":0},"b":{"1":[0,7]},"f":{"1":1,"2":0,"3":7},"fnMap":{"1":{"name":"(anonymous_1)","line":1,"loc":{"start":{"line":1,"column":17},"end":{"line":1,"column":32}}},"2":{"name":"(anonymous_2)","line":2,"loc":{"start":{"line":2,"column":15},"end":{"line":2,"column":35}}},"3":{"name":"(anonymous_3)","line":10,"loc":{"start":{"line":10,"column":10},"end":{"line":10,"column":30}}}},"statementMap":{"1":{"start":{"line":1,"column":0},"end":{"line":15,"column":2}},"2":{"start":{"line":2,"column":2},"end":{"line":4,"column":5}},"3":{"start":{"line":3,"column":4},"end":{"line":3,"column":27}},"4":{"start":{"line":5,"column":2},"end":{"line":5,"column":42}},"5":{"start":{"line":6,"column":2},"end":{"line":6,"column":42}},"6":{"start":{"line":7,"column":2},"end":{"line":7,"column":44}},"7":{"start":{"line":8,"column":2},"end":{"line":8,"column":40}},"8":{"start":{"line":10,"column":2},"end":{"line":14,"column":5}},"9":{"start":{"line":11,"column":4},"end":{"line":13,"column":5}},"10":{"start":{"line":12,"column":6},"end":{"line":12,"column":24}}},"branchMap":{"1":{"line":11,"type":"if","locations":[{"start":{"line":11,"column":4},"end":{"line":11,"column":4}},{"start":{"line":11,"column":4},"end":{"line":11,"column":4}}]}}},"C:\\myblog\\routes\\signup.js":{"path":"C:\\myblog\\routes\\signup.js","s":{"1":1,"2":1,"3":1,"4":1,"5":1,"6":1,"7":1,"8":1,"9":3,"10":1,"11":4,"12":4,"13":4,"14":4,"15":4,"16":4,"17":4,"18":4,"19":1,"20":3,"21":1,"22":2,"23":0,"24":2,"25":0,"26":2,"27":0,"28":2,"29":0,"30":2,"31":2,"32":2,"33":2,"34":2,"35":2,"36":1,"37":1,"38":1,"39":1,"40":1,"41":1,"42":1,"43":1,"44":1,"45":0,"46":1},"b":{"1":[1,3],"2":[4,3],"3":[1,2],"4":[0,2],"5":[2,2],"6":[0,2],"7":[0,2],"8":[0,2],"9":[1,0]},"f":{"1":3,"2":4,"3":1,"4":1},"fnMap":{"1":{"name":"(anonymous_1)","line":11,"loc":{"start":{"line":11,"column":31},"end":{"line":11,"column":56}}},"2":{"name":"(anonymous_2)","line":16,"loc":{"start":{"line":16,"column":32},"end":{"line":16,"column":57}}},"3":{"name":"(anonymous_3)","line":64,"loc":{"start":{"line":64,"column":12},"end":{"line":64,"column":30}}},"4":{"name":"(anonymous_4)","line":75,"loc":{"start":{"line":75,"column":13},"end":{"line":75,"column":26}}}},"statementMap":{"1":{"start":{"line":1,"column":0},"end":{"line":1,"column":23}},"2":{"start":{"line":2,"column":0},"end":{"line":2,"column":27}},"3":{"start":{"line":3,"column":0},"end":{"line":3,"column":27}},"4":{"start":{"line":4,"column":0},"end":{"line":4,"column":33}},"5":{"start":{"line":5,"column":0},"end":{"line":5,"column":30}},"6":{"start":{"line":7,"column":0},"end":{"line":7,"column":43}},"7":{"start":{"line":8,"column":0},"end":{"line":8,"column":66}},"8":{"start":{"line":11,"column":0},"end":{"line":13,"column":3}},"9":{"start":{"line":12,"column":2},"end":{"line":12,"column":23}},"10":{"start":{"line":16,"column":0},"end":{"line":85,"column":3}},"11":{"start":{"line":17,"column":2},"end":{"line":17,"column":29}},"12":{"start":{"line":18,"column":2},"end":{"line":18,"column":33}},"13":{"start":{"line":19,"column":2},"end":{"line":19,"column":27}},"14":{"start":{"line":20,"column":2},"end":{"line":20,"column":59}},"15":{"start":{"line":21,"column":2},"end":{"line":21,"column":37}},"16":{"start":{"line":22,"column":2},"end":{"line":22,"column":41}},"17":{"start":{"line":25,"column":2},"end":{"line":49,"column":3}},"18":{"start":{"line":26,"column":4},"end":{"line":28,"column":5}},"19":{"start":{"line":27,"column":6},"end":{"line":27,"column":41}},"20":{"start":{"line":29,"column":4},"end":{"line":31,"column":5}},"21":{"start":{"line":30,"column":6},"end":{"line":30,"column":39}},"22":{"start":{"line":32,"column":4},"end":{"line":34,"column":5}},"23":{"start":{"line":33,"column":6},"end":{"line":33,"column":43}},"24":{"start":{"line":35,"column":4},"end":{"line":37,"column":5}},"25":{"start":{"line":36,"column":6},"end":{"line":36,"column":30}},"26":{"start":{"line":38,"column":4},"end":{"line":40,"column":5}},"27":{"start":{"line":39,"column":6},"end":{"line":39,"column":36}},"28":{"start":{"line":41,"column":4},"end":{"line":43,"column":5}},"29":{"start":{"line":42,"column":6},"end":{"line":42,"column":35}},"30":{"start":{"line":46,"column":4},"end":{"line":46,"column":37}},"31":{"start":{"line":47,"column":4},"end":{"line":47,"column":34}},"32":{"start":{"line":48,"column":4},"end":{"line":48,"column":35}},"33":{"start":{"line":52,"column":2},"end":{"line":52,"column":28}},"34":{"start":{"line":55,"column":2},"end":{"line":61,"column":4}},"35":{"start":{"line":63,"column":2},"end":{"line":84,"column":9}},"36":{"start":{"line":66,"column":8},"end":{"line":66,"column":29}},"37":{"start":{"line":68,"column":8},"end":{"line":68,"column":29}},"38":{"start":{"line":69,"column":8},"end":{"line":69,"column":32}},"39":{"start":{"line":71,"column":8},"end":{"line":71,"column":37}},"40":{"start":{"line":73,"column":8},"end":{"line":73,"column":31}},"41":{"start":{"line":77,"column":8},"end":{"line":77,"column":41}},"42":{"start":{"line":79,"column":8},"end":{"line":82,"column":9}},"43":{"start":{"line":80,"column":10},"end":{"line":80,"column":40}},"44":{"start":{"line":81,"column":10},"end":{"line":81,"column":41}},"45":{"start":{"line":83,"column":8},"end":{"line":83,"column":16}},"46":{"start":{"line":87,"column":0},"end":{"line":87,"column":24}}},"branchMap":{"1":{"line":26,"type":"if","locations":[{"start":{"line":26,"column":4},"end":{"line":26,"column":4}},{"start":{"line":26,"column":4},"end":{"line":26,"column":4}}]},"2":{"line":26,"type":"binary-expr","locations":[{"start":{"line":26,"column":10},"end":{"line":26,"column":26}},{"start":{"line":26,"column":30},"end":{"line":26,"column":47}}]},"3":{"line":29,"type":"if","locations":[{"start":{"line":29,"column":4},"end":{"line":29,"column":4}},{"start":{"line":29,"column":4},"end":{"line":29,"column":4}}]},"4":{"line":32,"type":"if","locations":[{"start":{"line":32,"column":4},"end":{"line":32,"column":4}},{"start":{"line":32,"column":4},"end":{"line":32,"column":4}}]},"5":{"line":32,"type":"binary-expr","locations":[{"start":{"line":32,"column":10},"end":{"line":32,"column":25}},{"start":{"line":32,"column":29},"end":{"line":32,"column":45}}]},"6":{"line":35,"type":"if","locations":[{"start":{"line":35,"column":4},"end":{"line":35,"column":4}},{"start":{"line":35,"column":4},"end":{"line":35,"column":4}}]},"7":{"line":38,"type":"if","locations":[{"start":{"line":38,"column":4},"end":{"line":38,"column":4}},{"start":{"line":38,"column":4},"end":{"line":38,"column":4}}]},"8":{"line":41,"type":"if","locations":[{"start":{"line":41,"column":4},"end":{"line":41,"column":4}},{"start":{"line":41,"column":4},"end":{"line":41,"column":4}}]},"9":{"line":79,"type":"if","locations":[{"start":{"line":79,"column":8},"end":{"line":79,"column":8}},{"start":{"line":79,"column":8},"end":{"line":79,"column":8}}]}}},"C:\\myblog\\models\\users.js":{"path":"C:\\myblog\\models\\users.js","s":{"1":1,"2":1,"3":2,"4":0},"b":{},"f":{"1":2,"2":0},"fnMap":{"1":{"name":"create","line":5,"loc":{"start":{"line":5,"column":10},"end":{"line":5,"column":32}}},"2":{"name":"getUserByName","line":10,"loc":{"start":{"line":10,"column":17},"end":{"line":10,"column":46}}}},"statementMap":{"1":{"start":{"line":1,"column":1},"end":{"line":1,"column":41}},"2":{"start":{"line":3,"column":0},"end":{"line":16,"column":2}},"3":{"start":{"line":6,"column":4},"end":{"line":6,"column":36}},"4":{"start":{"line":11,"column":4},"end":{"line":14,"column":16}}},"branchMap":{}},"C:\\myblog\\lib\\mongo.js":{"path":"C:\\myblog\\lib\\mongo.js","s":{"1":1,"2":1,"3":1,"4":1,"5":1,"6":1,"7":1,"8":1,"9":1,"10":1,"11":2,"12":1,"13":0,"14":0,"15":0,"16":1,"17":1,"18":1,"19":1,"20":1},"b":{"1":[0,0]},"f":{"1":1,"2":2,"3":0},"fnMap":{"1":{"name":"(anonymous_1)","line":21,"loc":{"start":{"line":21,"column":13},"end":{"line":21,"column":32}}},"2":{"name":"(anonymous_2)","line":22,"loc":{"start":{"line":22,"column":20},"end":{"line":22,"column":36}}},"3":{"name":"(anonymous_3)","line":27,"loc":{"start":{"line":27,"column":16},"end":{"line":27,"column":34}}}},"statementMap":{"1":{"start":{"line":1,"column":0},"end":{"line":1,"column":36}},"2":{"start":{"line":2,"column":0},"end":{"line":2,"column":37}},"3":{"start":{"line":3,"column":0},"end":{"line":3,"column":32}},"4":{"start":{"line":4,"column":0},"end":{"line":4,"column":34}},"5":{"start":{"line":6,"column":0},"end":{"line":12,"column":3}},"6":{"start":{"line":13,"column":0},"end":{"line":13,"column":57}},"7":{"start":{"line":16,"column":0},"end":{"line":16,"column":31}},"8":{"start":{"line":17,"column":0},"end":{"line":17,"column":59}},"9":{"start":{"line":20,"column":0},"end":{"line":33,"column":3}},"10":{"start":{"line":22,"column":4},"end":{"line":24,"column":7}},"11":{"start":{"line":23,"column":6},"end":{"line":23,"column":89}},"12":{"start":{"line":25,"column":4},"end":{"line":25,"column":19}},"13":{"start":{"line":28,"column":4},"end":{"line":30,"column":5}},"14":{"start":{"line":29,"column":6},"end":{"line":29,"column":93}},"15":{"start":{"line":31,"column":4},"end":{"line":31,"column":18}},"16":{"start":{"line":35,"column":0},"end":{"line":40,"column":3}},"17":{"start":{"line":41,"column":0},"end":{"line":41,"column":50}},"18":{"start":{"line":43,"column":0},"end":{"line":47,"column":3}},"19":{"start":{"line":48,"column":0},"end":{"line":48,"column":52}},"20":{"start":{"line":49,"column":0},"end":{"line":49,"column":52}}},"branchMap":{"1":{"line":28,"type":"if","locations":[{"start":{"line":28,"column":4},"end":{"line":28,"column":4}},{"start":{"line":28,"column":4},"end":{"line":28,"column":4}}]}}},"C:\\myblog\\middlewares\\check.js":{"path":"C:\\myblog\\middlewares\\check.js","s":{"1":1,"2":0,"3":0,"4":0,"5":0,"6":7,"7":0,"8":0,"9":7},"b":{"1":[0,0],"2":[0,7]},"f":{"1":0,"2":7},"fnMap":{"1":{"name":"checkLogin","line":2,"loc":{"start":{"line":2,"column":14},"end":{"line":2,"column":50}}},"2":{"name":"checkNotLogin","line":10,"loc":{"start":{"line":10,"column":17},"end":{"line":10,"column":56}}}},"statementMap":{"1":{"start":{"line":1,"column":0},"end":{"line":17,"column":2}},"2":{"start":{"line":3,"column":4},"end":{"line":6,"column":5}},"3":{"start":{"line":4,"column":6},"end":{"line":4,"column":32}},"4":{"start":{"line":5,"column":6},"end":{"line":5,"column":37}},"5":{"start":{"line":7,"column":4},"end":{"line":7,"column":11}},"6":{"start":{"line":11,"column":4},"end":{"line":14,"column":5}},"7":{"start":{"line":12,"column":6},"end":{"line":12,"column":32}},"8":{"start":{"line":13,"column":6},"end":{"line":13,"column":34}},"9":{"start":{"line":15,"column":4},"end":{"line":15,"column":11}}},"branchMap":{"1":{"line":3,"type":"if","locations":[{"start":{"line":3,"column":4},"end":{"line":3,"column":4}},{"start":{"line":3,"column":4},"end":{"line":3,"column":4}}]},"2":{"line":11,"type":"if","locations":[{"start":{"line":11,"column":4},"end":{"line":11,"column":4}},{"start":{"line":11,"column":4},"end":{"line":11,"column":4}}]}}},"C:\\myblog\\routes\\signin.js":{"path":"C:\\myblog\\routes\\signin.js","s":{"1":1,"2":1,"3":1,"4":1,"5":1,"6":1,"7":0,"8":1,"9":0,"10":0,"11":0,"12":0,"13":0,"14":0,"15":0,"16":0,"17":0,"18":0,"19":0,"20":0,"21":0,"22":1},"b":{"1":[0,0],"2":[0,0]},"f":{"1":0,"2":0,"3":0},"fnMap":{"1":{"name":"(anonymous_1)","line":9,"loc":{"start":{"line":9,"column":31},"end":{"line":9,"column":56}}},"2":{"name":"(anonymous_2)","line":14,"loc":{"start":{"line":14,"column":32},"end":{"line":14,"column":57}}},"3":{"name":"(anonymous_3)","line":19,"loc":{"start":{"line":19,"column":12},"end":{"line":19,"column":28}}}},"statementMap":{"1":{"start":{"line":1,"column":0},"end":{"line":1,"column":27}},"2":{"start":{"line":2,"column":0},"end":{"line":2,"column":33}},"3":{"start":{"line":3,"column":0},"end":{"line":3,"column":30}},"4":{"start":{"line":5,"column":0},"end":{"line":5,"column":43}},"5":{"start":{"line":6,"column":0},"end":{"line":6,"column":66}},"6":{"start":{"line":9,"column":0},"end":{"line":11,"column":3}},"7":{"start":{"line":10,"column":2},"end":{"line":10,"column":23}},"8":{"start":{"line":14,"column":0},"end":{"line":37,"column":3}},"9":{"start":{"line":15,"column":2},"end":{"line":15,"column":29}},"10":{"start":{"line":16,"column":2},"end":{"line":16,"column":37}},"11":{"start":{"line":18,"column":2},"end":{"line":36,"column":19}},"12":{"start":{"line":20,"column":8},"end":{"line":23,"column":9}},"13":{"start":{"line":21,"column":10},"end":{"line":21,"column":38}},"14":{"start":{"line":22,"column":10},"end":{"line":22,"column":38}},"15":{"start":{"line":25,"column":8},"end":{"line":28,"column":9}},"16":{"start":{"line":26,"column":10},"end":{"line":26,"column":41}},"17":{"start":{"line":27,"column":10},"end":{"line":27,"column":38}},"18":{"start":{"line":29,"column":8},"end":{"line":29,"column":37}},"19":{"start":{"line":31,"column":8},"end":{"line":31,"column":29}},"20":{"start":{"line":32,"column":8},"end":{"line":32,"column":32}},"21":{"start":{"line":34,"column":8},"end":{"line":34,"column":31}},"22":{"start":{"line":39,"column":0},"end":{"line":39,"column":24}}},"branchMap":{"1":{"line":20,"type":"if","locations":[{"start":{"line":20,"column":8},"end":{"line":20,"column":8}},{"start":{"line":20,"column":8},"end":{"line":20,"column":8}}]},"2":{"line":25,"type":"if","locations":[{"start":{"line":25,"column":8},"end":{"line":25,"column":8}},{"start":{"line":25,"column":8},"end":{"line":25,"column":8}}]}}},"C:\\myblog\\routes\\signout.js":{"path":"C:\\myblog\\routes\\signout.js","s":{"1":1,"2":1,"3":1,"4":1,"5":0,"6":0,"7":0,"8":1},"b":{},"f":{"1":0},"fnMap":{"1":{"name":"(anonymous_1)","line":7,"loc":{"start":{"line":7,"column":28},"end":{"line":7,"column":53}}}},"statementMap":{"1":{"start":{"line":1,"column":0},"end":{"line":1,"column":33}},"2":{"start":{"line":2,"column":0},"end":{"line":2,"column":30}},"3":{"start":{"line":4,"column":0},"end":{"line":4,"column":60}},"4":{"start":{"line":7,"column":0},"end":{"line":13,"column":3}},"5":{"start":{"line":9,"column":2},"end":{"line":9,"column":26}},"6":{"start":{"line":10,"column":2},"end":{"line":10,"column":31}},"7":{"start":{"line":12,"column":2},"end":{"line":12,"column":25}},"8":{"start":{"line":15,"column":0},"end":{"line":15,"column":24}}},"branchMap":{}},"C:\\myblog\\routes\\posts.js":{"path":"C:\\myblog\\routes\\posts.js","s":{"1":1,"2":1,"3":1,"4":1,"5":1,"6":1,"7":1,"8":1,"9":1,"10":1,"11":0,"12":1,"13":0,"14":0,"15":0,"16":0,"17":0,"18":0,"19":0,"20":0,"21":0,"22":0,"23":0,"24":0,"25":0,"26":0,"27":0,"28":1,"29":0,"30":0,"31":0,"32":0,"33":0,"34":0,"35":0,"36":1,"37":0,"38":0,"39":0,"40":0,"41":0,"42":0,"43":0,"44":0,"45":1,"46":0,"47":0,"48":0,"49":0,"50":0,"51":0,"52":0,"53":1,"54":0,"55":0,"56":0,"57":0,"58":0,"59":1,"60":0,"61":0,"62":0,"63":0,"64":0,"65":0,"66":0,"67":1,"68":0,"69":0,"70":0,"71":0,"72":0,"73":1},"b":{"1":[0,0],"2":[0,0],"3":[0,0],"4":[0,0],"5":[0,0]},"f":{"1":1,"2":1,"3":0,"4":0,"5":0,"6":0,"7":0,"8":0,"9":0,"10":0,"11":0,"12":0,"13":0,"14":0,"15":0,"16":0,"17":0},"fnMap":{"1":{"name":"(anonymous_1)","line":10,"loc":{"start":{"line":10,"column":16},"end":{"line":10,"column":41}}},"2":{"name":"(anonymous_2)","line":14,"loc":{"start":{"line":14,"column":12},"end":{"line":14,"column":29}}},"3":{"name":"(anonymous_3)","line":23,"loc":{"start":{"line":23,"column":34},"end":{"line":23,"column":59}}},"4":{"name":"(anonymous_4)","line":28,"loc":{"start":{"line":28,"column":29},"end":{"line":28,"column":54}}},"5":{"name":"(anonymous_5)","line":54,"loc":{"start":{"line":54,"column":12},"end":{"line":54,"column":30}}},"6":{"name":"(anonymous_6)","line":65,"loc":{"start":{"line":65,"column":23},"end":{"line":65,"column":48}}},"7":{"name":"(anonymous_7)","line":73,"loc":{"start":{"line":73,"column":12},"end":{"line":73,"column":30}}},"8":{"name":"(anonymous_8)","line":89,"loc":{"start":{"line":89,"column":40},"end":{"line":89,"column":65}}},"9":{"name":"(anonymous_9)","line":94,"loc":{"start":{"line":94,"column":12},"end":{"line":94,"column":28}}},"10":{"name":"(anonymous_10)","line":109,"loc":{"start":{"line":109,"column":41},"end":{"line":109,"column":66}}},"11":{"name":"(anonymous_11)","line":116,"loc":{"start":{"line":116,"column":12},"end":{"line":116,"column":24}}},"12":{"name":"(anonymous_12)","line":125,"loc":{"start":{"line":125,"column":42},"end":{"line":125,"column":67}}},"13":{"name":"(anonymous_13)","line":130,"loc":{"start":{"line":130,"column":12},"end":{"line":130,"column":24}}},"14":{"name":"(anonymous_14)","line":139,"loc":{"start":{"line":139,"column":44},"end":{"line":139,"column":69}}},"15":{"name":"(anonymous_15)","line":150,"loc":{"start":{"line":150,"column":12},"end":{"line":150,"column":24}}},"16":{"name":"(anonymous_16)","line":159,"loc":{"start":{"line":159,"column":61},"end":{"line":159,"column":86}}},"17":{"name":"(anonymous_17)","line":164,"loc":{"start":{"line":164,"column":12},"end":{"line":164,"column":24}}}},"statementMap":{"1":{"start":{"line":1,"column":0},"end":{"line":1,"column":43}},"2":{"start":{"line":2,"column":0},"end":{"line":2,"column":49}},"3":{"start":{"line":3,"column":0},"end":{"line":3,"column":33}},"4":{"start":{"line":4,"column":0},"end":{"line":4,"column":30}},"5":{"start":{"line":6,"column":0},"end":{"line":6,"column":60}},"6":{"start":{"line":10,"column":0},"end":{"line":20,"column":3}},"7":{"start":{"line":11,"column":2},"end":{"line":11,"column":32}},"8":{"start":{"line":13,"column":2},"end":{"line":19,"column":19}},"9":{"start":{"line":15,"column":8},"end":{"line":17,"column":11}},"10":{"start":{"line":23,"column":0},"end":{"line":25,"column":3}},"11":{"start":{"line":24,"column":2},"end":{"line":24,"column":23}},"12":{"start":{"line":28,"column":0},"end":{"line":62,"column":3}},"13":{"start":{"line":29,"column":2},"end":{"line":29,"column":36}},"14":{"start":{"line":30,"column":2},"end":{"line":30,"column":31}},"15":{"start":{"line":31,"column":2},"end":{"line":31,"column":35}},"16":{"start":{"line":34,"column":2},"end":{"line":44,"column":3}},"17":{"start":{"line":35,"column":4},"end":{"line":37,"column":5}},"18":{"start":{"line":36,"column":6},"end":{"line":36,"column":31}},"19":{"start":{"line":38,"column":4},"end":{"line":40,"column":5}},"20":{"start":{"line":39,"column":6},"end":{"line":39,"column":31}},"21":{"start":{"line":42,"column":4},"end":{"line":42,"column":34}},"22":{"start":{"line":43,"column":4},"end":{"line":43,"column":32}},"23":{"start":{"line":46,"column":2},"end":{"line":51,"column":4}},"24":{"start":{"line":53,"column":2},"end":{"line":61,"column":19}},"25":{"start":{"line":56,"column":8},"end":{"line":56,"column":29}},"26":{"start":{"line":57,"column":8},"end":{"line":57,"column":37}},"27":{"start":{"line":59,"column":8},"end":{"line":59,"column":43}},"28":{"start":{"line":65,"column":0},"end":{"line":86,"column":3}},"29":{"start":{"line":66,"column":2},"end":{"line":66,"column":33}},"30":{"start":{"line":68,"column":2},"end":{"line":85,"column":19}},"31":{"start":{"line":74,"column":8},"end":{"line":74,"column":29}},"32":{"start":{"line":75,"column":8},"end":{"line":75,"column":33}},"33":{"start":{"line":76,"column":8},"end":{"line":78,"column":9}},"34":{"start":{"line":77,"column":10},"end":{"line":77,"column":36}},"35":{"start":{"line":80,"column":8},"end":{"line":83,"column":11}},"36":{"start":{"line":89,"column":0},"end":{"line":106,"column":3}},"37":{"start":{"line":90,"column":2},"end":{"line":90,"column":33}},"38":{"start":{"line":91,"column":2},"end":{"line":91,"column":36}},"39":{"start":{"line":93,"column":2},"end":{"line":105,"column":19}},"40":{"start":{"line":95,"column":8},"end":{"line":97,"column":9}},"41":{"start":{"line":96,"column":10},"end":{"line":96,"column":36}},"42":{"start":{"line":98,"column":8},"end":{"line":100,"column":9}},"43":{"start":{"line":99,"column":10},"end":{"line":99,"column":34}},"44":{"start":{"line":101,"column":8},"end":{"line":103,"column":11}},"45":{"start":{"line":109,"column":0},"end":{"line":122,"column":3}},"46":{"start":{"line":110,"column":2},"end":{"line":110,"column":33}},"47":{"start":{"line":111,"column":2},"end":{"line":111,"column":36}},"48":{"start":{"line":112,"column":2},"end":{"line":112,"column":31}},"49":{"start":{"line":113,"column":2},"end":{"line":113,"column":35}},"50":{"start":{"line":115,"column":2},"end":{"line":121,"column":19}},"51":{"start":{"line":117,"column":8},"end":{"line":117,"column":39}},"52":{"start":{"line":119,"column":8},"end":{"line":119,"column":41}},"53":{"start":{"line":125,"column":0},"end":{"line":136,"column":3}},"54":{"start":{"line":126,"column":2},"end":{"line":126,"column":33}},"55":{"start":{"line":127,"column":2},"end":{"line":127,"column":36}},"56":{"start":{"line":129,"column":2},"end":{"line":135,"column":19}},"57":{"start":{"line":131,"column":8},"end":{"line":131,"column":39}},"58":{"start":{"line":133,"column":8},"end":{"line":133,"column":31}},"59":{"start":{"line":139,"column":0},"end":{"line":156,"column":3}},"60":{"start":{"line":140,"column":2},"end":{"line":140,"column":36}},"61":{"start":{"line":141,"column":2},"end":{"line":141,"column":33}},"62":{"start":{"line":142,"column":2},"end":{"line":142,"column":35}},"63":{"start":{"line":143,"column":2},"end":{"line":147,"column":4}},"64":{"start":{"line":149,"column":2},"end":{"line":155,"column":19}},"65":{"start":{"line":151,"column":8},"end":{"line":151,"column":37}},"66":{"start":{"line":153,"column":8},"end":{"line":153,"column":29}},"67":{"start":{"line":159,"column":0},"end":{"line":170,"column":3}},"68":{"start":{"line":160,"column":2},"end":{"line":160,"column":39}},"69":{"start":{"line":161,"column":2},"end":{"line":161,"column":36}},"70":{"start":{"line":163,"column":2},"end":{"line":169,"column":19}},"71":{"start":{"line":165,"column":8},"end":{"line":165,"column":39}},"72":{"start":{"line":167,"column":8},"end":{"line":167,"column":29}},"73":{"start":{"line":172,"column":0},"end":{"line":172,"column":24}}},"branchMap":{"1":{"line":35,"type":"if","locations":[{"start":{"line":35,"column":4},"end":{"line":35,"column":4}},{"start":{"line":35,"column":4},"end":{"line":35,"column":4}}]},"2":{"line":38,"type":"if","locations":[{"start":{"line":38,"column":4},"end":{"line":38,"column":4}},{"start":{"line":38,"column":4},"end":{"line":38,"column":4}}]},"3":{"line":76,"type":"if","locations":[{"start":{"line":76,"column":8},"end":{"line":76,"column":8}},{"start":{"line":76,"column":8},"end":{"line":76,"column":8}}]},"4":{"line":95,"type":"if","locations":[{"start":{"line":95,"column":8},"end":{"line":95,"column":8}},{"start":{"line":95,"column":8},"end":{"line":95,"column":8}}]},"5":{"line":98,"type":"if","locations":[{"start":{"line":98,"column":8},"end":{"line":98,"column":8}},{"start":{"line":98,"column":8},"end":{"line":98,"column":8}}]}}},"C:\\myblog\\models\\posts.js":{"path":"C:\\myblog\\models\\posts.js","s":{"1":1,"2":1,"3":1,"4":1,"5":1,"6":2,"7":2,"8":2,"9":0,"10":0,"11":0,"12":0,"13":0,"14":1,"15":1,"16":2,"17":2,"18":0,"19":0,"20":0,"21":1,"22":0,"23":0,"24":1,"25":1,"26":0,"27":1,"28":0,"29":0,"30":0,"31":0,"32":0,"33":0},"b":{"1":[0,0],"2":[0,0],"3":[0,1],"4":[0,0],"5":[0,0]},"f":{"1":1,"2":2,"3":2,"4":0,"5":0,"6":1,"7":2,"8":0,"9":0,"10":0,"11":1,"12":0,"13":0,"14":0,"15":0,"16":0},"fnMap":{"1":{"name":"(anonymous_1)","line":8,"loc":{"start":{"line":8,"column":15},"end":{"line":8,"column":32}}},"2":{"name":"(anonymous_2)","line":9,"loc":{"start":{"line":9,"column":37},"end":{"line":9,"column":53}}},"3":{"name":"(anonymous_3)","line":10,"loc":{"start":{"line":10,"column":64},"end":{"line":10,"column":89}}},"4":{"name":"(anonymous_4)","line":16,"loc":{"start":{"line":16,"column":18},"end":{"line":16,"column":34}}},"5":{"name":"(anonymous_5)","line":18,"loc":{"start":{"line":18,"column":64},"end":{"line":18,"column":81}}},"6":{"name":"(anonymous_6)","line":29,"loc":{"start":{"line":29,"column":15},"end":{"line":29,"column":32}}},"7":{"name":"(anonymous_7)","line":30,"loc":{"start":{"line":30,"column":25},"end":{"line":30,"column":41}}},"8":{"name":"(anonymous_8)","line":35,"loc":{"start":{"line":35,"column":18},"end":{"line":35,"column":34}}},"9":{"name":"create","line":45,"loc":{"start":{"line":45,"column":12},"end":{"line":45,"column":34}}},"10":{"name":"getPostById","line":50,"loc":{"start":{"line":50,"column":17},"end":{"line":50,"column":46}}},"11":{"name":"getPosts","line":61,"loc":{"start":{"line":61,"column":14},"end":{"line":61,"column":40}}},"12":{"name":"incPv","line":77,"loc":{"start":{"line":77,"column":11},"end":{"line":77,"column":34}}},"13":{"name":"getRawPostById","line":84,"loc":{"start":{"line":84,"column":20},"end":{"line":84,"column":52}}},"14":{"name":"updatePostById","line":92,"loc":{"start":{"line":92,"column":20},"end":{"line":92,"column":66}}},"15":{"name":"delPostById","line":97,"loc":{"start":{"line":97,"column":17},"end":{"line":97,"column":54}}},"16":{"name":"(anonymous_16)","line":100,"loc":{"start":{"line":100,"column":18},"end":{"line":100,"column":33}}}},"statementMap":{"1":{"start":{"line":1,"column":1},"end":{"line":1,"column":32}},"2":{"start":{"line":2,"column":0},"end":{"line":2,"column":40}},"3":{"start":{"line":4,"column":0},"end":{"line":4,"column":41}},"4":{"start":{"line":7,"column":0},"end":{"line":25,"column":3}},"5":{"start":{"line":9,"column":8},"end":{"line":14,"column":12}},"6":{"start":{"line":10,"column":12},"end":{"line":13,"column":15}},"7":{"start":{"line":11,"column":16},"end":{"line":11,"column":51}},"8":{"start":{"line":12,"column":16},"end":{"line":12,"column":28}},"9":{"start":{"line":17,"column":8},"end":{"line":22,"column":9}},"10":{"start":{"line":18,"column":12},"end":{"line":21,"column":15}},"11":{"start":{"line":19,"column":16},"end":{"line":19,"column":43}},"12":{"start":{"line":20,"column":16},"end":{"line":20,"column":28}},"13":{"start":{"line":23,"column":8},"end":{"line":23,"column":20}},"14":{"start":{"line":28,"column":0},"end":{"line":41,"column":3}},"15":{"start":{"line":30,"column":8},"end":{"line":33,"column":11}},"16":{"start":{"line":31,"column":12},"end":{"line":31,"column":48}},"17":{"start":{"line":32,"column":12},"end":{"line":32,"column":24}},"18":{"start":{"line":36,"column":8},"end":{"line":38,"column":9}},"19":{"start":{"line":37,"column":12},"end":{"line":37,"column":48}},"20":{"start":{"line":39,"column":8},"end":{"line":39,"column":20}},"21":{"start":{"line":43,"column":0},"end":{"line":107,"column":2}},"22":{"start":{"line":46,"column":8},"end":{"line":46,"column":40}},"23":{"start":{"line":51,"column":8},"end":{"line":57,"column":20}},"24":{"start":{"line":62,"column":8},"end":{"line":62,"column":23}},"25":{"start":{"line":63,"column":8},"end":{"line":65,"column":9}},"26":{"start":{"line":64,"column":12},"end":{"line":64,"column":34}},"27":{"start":{"line":66,"column":8},"end":{"line":73,"column":20}},"28":{"start":{"line":78,"column":8},"end":{"line":80,"column":20}},"29":{"start":{"line":85,"column":8},"end":{"line":88,"column":20}},"30":{"start":{"line":93,"column":8},"end":{"line":93,"column":83}},"31":{"start":{"line":98,"column":8},"end":{"line":105,"column":15}},"32":{"start":{"line":102,"column":16},"end":{"line":104,"column":17}},"33":{"start":{"line":103,"column":20},"end":{"line":103,"column":68}}},"branchMap":{"1":{"line":17,"type":"if","locations":[{"start":{"line":17,"column":8},"end":{"line":17,"column":8}},{"start":{"line":17,"column":8},"end":{"line":17,"column":8}}]},"2":{"line":36,"type":"if","locations":[{"start":{"line":36,"column":8},"end":{"line":36,"column":8}},{"start":{"line":36,"column":8},"end":{"line":36,"column":8}}]},"3":{"line":63,"type":"if","locations":[{"start":{"line":63,"column":8},"end":{"line":63,"column":8}},{"start":{"line":63,"column":8},"end":{"line":63,"column":8}}]},"4":{"line":102,"type":"if","locations":[{"start":{"line":102,"column":16},"end":{"line":102,"column":16}},{"start":{"line":102,"column":16},"end":{"line":102,"column":16}}]},"5":{"line":102,"type":"binary-expr","locations":[{"start":{"line":102,"column":20},"end":{"line":102,"column":33}},{"start":{"line":102,"column":37},"end":{"line":102,"column":53}}]}}},"C:\\myblog\\models\\comments.js":{"path":"C:\\myblog\\models\\comments.js","s":{"1":1,"2":1,"3":1,"4":0,"5":0,"6":0,"7":1,"8":0,"9":0,"10":0,"11":0,"12":2},"b":{},"f":{"1":0,"2":0,"3":0,"4":0,"5":0,"6":0,"7":2},"fnMap":{"1":{"name":"(anonymous_1)","line":6,"loc":{"start":{"line":6,"column":15},"end":{"line":6,"column":35}}},"2":{"name":"(anonymous_2)","line":7,"loc":{"start":{"line":7,"column":28},"end":{"line":7,"column":47}}},"3":{"name":"create","line":16,"loc":{"start":{"line":16,"column":12},"end":{"line":16,"column":37}}},"4":{"name":"delCommentById","line":21,"loc":{"start":{"line":21,"column":20},"end":{"line":21,"column":63}}},"5":{"name":"delCommentsByPostId","line":26,"loc":{"start":{"line":26,"column":25},"end":{"line":26,"column":62}}},"6":{"name":"getComments","line":31,"loc":{"start":{"line":31,"column":17},"end":{"line":31,"column":46}}},"7":{"name":"getCommentsCount","line":42,"loc":{"start":{"line":42,"column":22},"end":{"line":42,"column":56}}}},"statementMap":{"1":{"start":{"line":1,"column":1},"end":{"line":1,"column":32}},"2":{"start":{"line":2,"column":0},"end":{"line":2,"column":46}},"3":{"start":{"line":5,"column":0},"end":{"line":12,"column":3}},"4":{"start":{"line":7,"column":8},"end":{"line":10,"column":11}},"5":{"start":{"line":8,"column":12},"end":{"line":8,"column":54}},"6":{"start":{"line":9,"column":12},"end":{"line":9,"column":27}},"7":{"start":{"line":14,"column":0},"end":{"line":45,"column":2}},"8":{"start":{"line":17,"column":8},"end":{"line":17,"column":46}},"9":{"start":{"line":22,"column":8},"end":{"line":22,"column":73}},"10":{"start":{"line":27,"column":8},"end":{"line":27,"column":57}},"11":{"start":{"line":32,"column":8},"end":{"line":38,"column":20}},"12":{"start":{"line":43,"column":8},"end":{"line":43,"column":56}}},"branchMap":{}}}